<?xml version="1.0" encoding="UTF-8"?>
<!-- Generated by org.testng.reporters.JUnitXMLReporter -->
<testsuite ignored="0" hostname="ISTN24220" failures="0" tests="3" name="CompanyTest" time="168.045" errors="0" timestamp="24 Nov 2019 16:02:51 GMT">
  <testcase classname="tests.Company" name="EmptyAddCompany" time="78.541"/>
  <testcase classname="tests.Company" name="InvalidAddCompany" time="29.342"/>
  <testcase classname="tests.Company" name="AddCompany" time="52.535"/>
</testsuite> <!-- CompanyTest -->
