<?xml version="1.0" encoding="UTF-8"?>
<!-- Generated by org.testng.reporters.JUnitXMLReporter -->
<testsuite ignored="0" hostname="ISTN24220" failures="3" tests="6" name="CompanyTest" time="48.662" errors="0" timestamp="28 Nov 2019 10:04:52 GMT">
  <testcase classname="tests.Company" name="EmptyAddCompany" time="12.279">
    <skipped/>
  </testcase> <!-- EmptyAddCompany -->
  <testcase classname="tests.Company" name="EmptyAddCompany" time="0.0">
    <failure type="java.lang.IllegalArgumentException" message="wrong number of arguments">
      <![CDATA[java.lang.IllegalArgumentException: wrong number of arguments
... Removed 25 stack frames]]>
    </failure>
  </testcase> <!-- EmptyAddCompany -->
  <testcase classname="tests.Company" name="InvalidAddCompany" time="18.563">
    <skipped/>
  </testcase> <!-- InvalidAddCompany -->
  <testcase classname="tests.Company" name="InvalidAddCompany" time="0.0">
    <failure type="java.lang.IllegalArgumentException" message="wrong number of arguments">
      <![CDATA[java.lang.IllegalArgumentException: wrong number of arguments
... Removed 25 stack frames]]>
    </failure>
  </testcase> <!-- InvalidAddCompany -->
  <testcase classname="tests.Company" name="AddCompany" time="1.449">
    <skipped/>
  </testcase> <!-- AddCompany -->
  <testcase classname="tests.Company" name="AddCompany" time="0.0">
    <failure type="java.lang.IllegalArgumentException" message="wrong number of arguments">
      <![CDATA[java.lang.IllegalArgumentException: wrong number of arguments
... Removed 25 stack frames]]>
    </failure>
  </testcase> <!-- AddCompany -->
</testsuite> <!-- CompanyTest -->
