<?xml version="1.0" encoding="UTF-8"?>
<!-- Generated by org.testng.reporters.JUnitXMLReporter -->
<testsuite ignored="0" hostname="ISTN24220" failures="0" tests="2" name="CountriesTest" time="0.009" errors="0" timestamp="23 Nov 2019 10:15:11 GMT">
  <testcase classname="tests.BaseTest" name="@BeforeClass verifypageTitle" time="0.0">
    <failure type="org.testng.TestNGException" message="
Parameter &amp;apos;browser&amp;apos; is required by BeforeClass on method verifypageTitle but has not been marked @Optional or defined
in C:\Users\TR24220\git\JenkinsTest\testng.xml">
      <![CDATA[org.testng.TestNGException: 
Parameter 'browser' is required by BeforeClass on method verifypageTitle but has not been marked @Optional or defined
in C:\Users\TR24220\git\JenkinsTest\testng.xml
... Removed 23 stack frames]]>
    </failure>
  </testcase> <!-- @BeforeClass verifypageTitle -->
  <testcase classname="tests.BaseTest" name="@BeforeMethod methodLevelSetup" time="0.0">
    <skipped/>
  </testcase> <!-- @BeforeMethod methodLevelSetup -->
  <testcase classname="tests.BaseTest" name="@BeforeMethod methodLevelSetup" time="0.0">
    <skipped/>
  </testcase> <!-- @BeforeMethod methodLevelSetup -->
  <testcase classname="tests.BaseTest" name="@AfterClass teardown" time="0.0">
    <skipped/>
  </testcase> <!-- @AfterClass teardown -->
  <testcase classname="tests.Countries" name="EmptyAddCountries" time="0.0">
    <skipped/>
  </testcase> <!-- EmptyAddCountries -->
  <testcase classname="tests.Countries" name="AddCountry" time="0.0">
    <skipped/>
  </testcase> <!-- AddCountry -->
</testsuite> <!-- CountriesTest -->
