<?xml version="1.0" encoding="UTF-8"?>
<!-- Generated by org.testng.reporters.JUnitXMLReporter -->
<testsuite ignored="0" hostname="ISTN24220" failures="2" tests="5" name="CustomerCompanyTest" time="78.095" errors="0" timestamp="28 Nov 2019 10:02:58 GMT">
  <testcase classname="tests.Customer_Company" name="EmptyAddCustomerCompany" time="25.304"/>
  <testcase classname="tests.Customer_Company" name="InvalidAddCustomerCompany" time="39.648">
    <skipped/>
  </testcase> <!-- InvalidAddCustomerCompany -->
  <testcase classname="tests.Customer_Company" name="InvalidAddCustomerCompany" time="0.0">
    <failure type="java.lang.IllegalArgumentException" message="wrong number of arguments">
      <![CDATA[java.lang.IllegalArgumentException: wrong number of arguments
... Removed 25 stack frames]]>
    </failure>
  </testcase> <!-- InvalidAddCustomerCompany -->
  <testcase classname="tests.Customer_Company" name="AddCustomerCompany" time="4.86">
    <skipped/>
  </testcase> <!-- AddCustomerCompany -->
  <testcase classname="tests.Customer_Company" name="AddCustomerCompany" time="0.001">
    <failure type="java.lang.IllegalArgumentException" message="wrong number of arguments">
      <![CDATA[java.lang.IllegalArgumentException: wrong number of arguments
... Removed 25 stack frames]]>
    </failure>
  </testcase> <!-- AddCustomerCompany -->
</testsuite> <!-- CustomerCompanyTest -->
