<?xml version="1.0" encoding="UTF-8"?>
<!-- Generated by org.testng.reporters.JUnitXMLReporter -->
<testsuite ignored="0" hostname="ISTN24220" failures="3" tests="6" name="DomainTest" time="54.337" errors="0" timestamp="28 Nov 2019 10:05:47 GMT">
  <testcase classname="tests.Domain" name="EmptyAddCompany" time="36.922">
    <skipped/>
  </testcase> <!-- EmptyAddCompany -->
  <testcase classname="tests.Domain" name="EmptyAddCompany" time="0.0">
    <failure type="java.lang.IllegalArgumentException" message="wrong number of arguments">
      <![CDATA[java.lang.IllegalArgumentException: wrong number of arguments
... Removed 25 stack frames]]>
    </failure>
  </testcase> <!-- EmptyAddCompany -->
  <testcase classname="tests.Domain" name="AddDomain" time="1.191">
    <skipped/>
  </testcase> <!-- AddDomain -->
  <testcase classname="tests.Domain" name="AddDomain" time="0.0">
    <failure type="java.lang.IllegalArgumentException" message="wrong number of arguments">
      <![CDATA[java.lang.IllegalArgumentException: wrong number of arguments
... Removed 25 stack frames]]>
    </failure>
  </testcase> <!-- AddDomain -->
  <testcase classname="tests.Domain" name="InvalidAddDomain" time="1.222">
    <skipped/>
  </testcase> <!-- InvalidAddDomain -->
  <testcase classname="tests.Domain" name="InvalidAddDomain" time="0.001">
    <failure type="java.lang.IllegalArgumentException" message="wrong number of arguments">
      <![CDATA[java.lang.IllegalArgumentException: wrong number of arguments
... Removed 25 stack frames]]>
    </failure>
  </testcase> <!-- InvalidAddDomain -->
</testsuite> <!-- DomainTest -->
