<?xml version="1.0" encoding="UTF-8"?>
<!-- Generated by org.testng.reporters.JUnitXMLReporter -->
<testsuite ignored="0" hostname="ISTN24220" failures="3" tests="6" name="DomainTest" time="92.549" errors="0" timestamp="24 Nov 2019 16:04:24 GMT">
  <testcase classname="tests.Domain" name="EmptyAddCompany" time="71.7">
    <skipped/>
  </testcase> <!-- EmptyAddCompany -->
  <testcase classname="tests.Domain" name="EmptyAddCompany" time="0.001">
    <failure type="java.lang.IllegalArgumentException" message="wrong number of arguments">
      <![CDATA[java.lang.IllegalArgumentException: wrong number of arguments
... Removed 25 stack frames]]>
    </failure>
  </testcase> <!-- EmptyAddCompany -->
  <testcase classname="tests.Domain" name="AddDomain" time="5.952">
    <skipped/>
  </testcase> <!-- AddDomain -->
  <testcase classname="tests.Domain" name="AddDomain" time="0.0">
    <failure type="java.lang.IllegalArgumentException" message="wrong number of arguments">
      <![CDATA[java.lang.IllegalArgumentException: wrong number of arguments
... Removed 25 stack frames]]>
    </failure>
  </testcase> <!-- AddDomain -->
  <testcase classname="tests.Domain" name="InvalidAddDomain" time="6.172">
    <skipped/>
  </testcase> <!-- InvalidAddDomain -->
  <testcase classname="tests.Domain" name="InvalidAddDomain" time="0.0">
    <failure type="java.lang.IllegalArgumentException" message="wrong number of arguments">
      <![CDATA[java.lang.IllegalArgumentException: wrong number of arguments
... Removed 25 stack frames]]>
    </failure>
  </testcase> <!-- InvalidAddDomain -->
</testsuite> <!-- DomainTest -->
