<?xml version="1.0" encoding="UTF-8"?>
<!-- Generated by org.testng.reporters.JUnitXMLReporter -->
<testsuite ignored="0" hostname="ISTN24220" failures="2" tests="5" name="GroupTest" time="60.895" errors="0" timestamp="28 Nov 2019 10:00:13 GMT">
  <testcase classname="tests.Group" name="EmptyAddGroup" time="29.862"/>
  <testcase classname="tests.Group" name="InvalidAddGroup" time="18.861">
    <skipped/>
  </testcase> <!-- InvalidAddGroup -->
  <testcase classname="tests.Group" name="InvalidAddGroup" time="0.001">
    <failure type="java.lang.IllegalArgumentException" message="wrong number of arguments">
      <![CDATA[java.lang.IllegalArgumentException: wrong number of arguments
... Removed 25 stack frames]]>
    </failure>
  </testcase> <!-- InvalidAddGroup -->
  <testcase classname="tests.Group" name="AddGroup" time="2.739">
    <skipped/>
  </testcase> <!-- AddGroup -->
  <testcase classname="tests.Group" name="AddGroup" time="0.0">
    <failure type="java.lang.IllegalArgumentException" message="wrong number of arguments">
      <![CDATA[java.lang.IllegalArgumentException: wrong number of arguments
... Removed 25 stack frames]]>
    </failure>
  </testcase> <!-- AddGroup -->
</testsuite> <!-- GroupTest -->
