<?xml version="1.0" encoding="UTF-8"?>
<!-- Generated by org.testng.reporters.JUnitXMLReporter -->
<testsuite ignored="0" hostname="ISTN24220" failures="3" tests="6" name="GroupTest" time="67.394" errors="0" timestamp="01 Dec 2019 07:23:23 GMT">
  <testcase classname="tests.Group" name="EmptyAddGroup" time="33.557">
    <skipped/>
  </testcase> <!-- EmptyAddGroup -->
  <testcase classname="tests.Group" name="EmptyAddGroup" time="0.001">
    <failure type="java.lang.IllegalArgumentException" message="wrong number of arguments">
      <![CDATA[java.lang.IllegalArgumentException: wrong number of arguments
... Removed 25 stack frames]]>
    </failure>
  </testcase> <!-- EmptyAddGroup -->
  <testcase classname="tests.Group" name="InvalidAddGroup" time="13.085">
    <skipped/>
  </testcase> <!-- InvalidAddGroup -->
  <testcase classname="tests.Group" name="InvalidAddGroup" time="0.001">
    <failure type="java.lang.IllegalArgumentException" message="wrong number of arguments">
      <![CDATA[java.lang.IllegalArgumentException: wrong number of arguments
... Removed 25 stack frames]]>
    </failure>
  </testcase> <!-- InvalidAddGroup -->
  <testcase classname="tests.Group" name="AddGroup" time="12.494">
    <skipped/>
  </testcase> <!-- AddGroup -->
  <testcase classname="tests.Group" name="AddGroup" time="0.001">
    <failure type="java.lang.IllegalArgumentException" message="wrong number of arguments">
      <![CDATA[java.lang.IllegalArgumentException: wrong number of arguments
... Removed 25 stack frames]]>
    </failure>
  </testcase> <!-- AddGroup -->
</testsuite> <!-- GroupTest -->
