<?xml version="1.0" encoding="UTF-8"?>
<!-- Generated by org.testng.reporters.JUnitXMLReporter -->
<testsuite ignored="0" hostname="ISTN24220" failures="3" tests="6" name="LanguagesTest" time="33.854" errors="0" timestamp="28 Nov 2019 10:06:22 GMT">
  <testcase classname="tests.Languages" name="EmptyAddLanguage" time="15.371">
    <skipped/>
  </testcase> <!-- EmptyAddLanguage -->
  <testcase classname="tests.Languages" name="EmptyAddLanguage" time="0.001">
    <failure type="java.lang.IllegalArgumentException" message="wrong number of arguments">
      <![CDATA[java.lang.IllegalArgumentException: wrong number of arguments
... Removed 25 stack frames]]>
    </failure>
  </testcase> <!-- EmptyAddLanguage -->
  <testcase classname="tests.Languages" name="InvalidAddLanguage" time="1.184">
    <skipped/>
  </testcase> <!-- InvalidAddLanguage -->
  <testcase classname="tests.Languages" name="InvalidAddLanguage" time="0.001">
    <failure type="java.lang.IllegalArgumentException" message="wrong number of arguments">
      <![CDATA[java.lang.IllegalArgumentException: wrong number of arguments
... Removed 25 stack frames]]>
    </failure>
  </testcase> <!-- InvalidAddLanguage -->
  <testcase classname="tests.Languages" name="AddLanguage" time="1.137">
    <skipped/>
  </testcase> <!-- AddLanguage -->
  <testcase classname="tests.Languages" name="AddLanguage" time="0.0">
    <failure type="java.lang.IllegalArgumentException" message="wrong number of arguments">
      <![CDATA[java.lang.IllegalArgumentException: wrong number of arguments
... Removed 25 stack frames]]>
    </failure>
  </testcase> <!-- AddLanguage -->
</testsuite> <!-- LanguagesTest -->
