<?xml version="1.0" encoding="UTF-8"?>
<!-- Generated by org.testng.reporters.JUnitXMLReporter -->
<testsuite ignored="0" hostname="ISTN24220" failures="1" tests="4" name="LanguagesTest" time="144.102" errors="0" timestamp="24 Nov 2019 16:06:49 GMT">
  <testcase classname="tests.Languages" name="EmptyAddLanguage" time="76.358"/>
  <testcase classname="tests.Languages" name="InvalidAddLanguage" time="27.149"/>
  <testcase classname="tests.Languages" name="AddLanguage" time="31.597">
    <skipped/>
  </testcase> <!-- AddLanguage -->
  <testcase classname="tests.Languages" name="AddLanguage" time="0.0">
    <failure type="java.lang.IllegalArgumentException" message="wrong number of arguments">
      <![CDATA[java.lang.IllegalArgumentException: wrong number of arguments
... Removed 25 stack frames]]>
    </failure>
  </testcase> <!-- AddLanguage -->
</testsuite> <!-- LanguagesTest -->
