<?xml version="1.0" encoding="UTF-8"?>
<!-- Generated by org.testng.reporters.JUnitXMLReporter -->
<testsuite ignored="0" hostname="ISTN24220" failures="2" tests="5" name="LocalizationTest" time="64.368" errors="0" timestamp="28 Nov 2019 10:04:03 GMT">
  <testcase classname="tests.Localization" name="EmptyAddLocalization" time="28.185"/>
  <testcase classname="tests.Localization" name="InvalidAddLocalization" time="26.818">
    <skipped/>
  </testcase> <!-- InvalidAddLocalization -->
  <testcase classname="tests.Localization" name="InvalidAddLocalization" time="0.001">
    <failure type="java.lang.IllegalArgumentException" message="wrong number of arguments">
      <![CDATA[java.lang.IllegalArgumentException: wrong number of arguments
... Removed 25 stack frames]]>
    </failure>
  </testcase> <!-- InvalidAddLocalization -->
  <testcase classname="tests.Localization" name="AddLocalization" time="0.897">
    <skipped/>
  </testcase> <!-- AddLocalization -->
  <testcase classname="tests.Localization" name="AddLocalization" time="0.001">
    <failure type="java.lang.IllegalArgumentException" message="wrong number of arguments">
      <![CDATA[java.lang.IllegalArgumentException: wrong number of arguments
... Removed 25 stack frames]]>
    </failure>
  </testcase> <!-- AddLocalization -->
</testsuite> <!-- LocalizationTest -->
