<?xml version="1.0" encoding="UTF-8"?>
<!-- Generated by org.testng.reporters.JUnitXMLReporter -->
<testsuite ignored="0" hostname="ISTN24220" failures="3" tests="6" name="LocalizationTest" time="74.54" errors="0" timestamp="24 Nov 2019 16:00:03 GMT">
  <testcase classname="tests.Localization" name="EmptyAddLocalization" time="59.33">
    <skipped/>
  </testcase> <!-- EmptyAddLocalization -->
  <testcase classname="tests.Localization" name="EmptyAddLocalization" time="0.0">
    <failure type="java.lang.IllegalArgumentException" message="wrong number of arguments">
      <![CDATA[java.lang.IllegalArgumentException: wrong number of arguments
... Removed 25 stack frames]]>
    </failure>
  </testcase> <!-- EmptyAddLocalization -->
  <testcase classname="tests.Localization" name="InvalidAddLocalization" time="6.223">
    <skipped/>
  </testcase> <!-- InvalidAddLocalization -->
  <testcase classname="tests.Localization" name="InvalidAddLocalization" time="0.0">
    <failure type="java.lang.IllegalArgumentException" message="wrong number of arguments">
      <![CDATA[java.lang.IllegalArgumentException: wrong number of arguments
... Removed 25 stack frames]]>
    </failure>
  </testcase> <!-- InvalidAddLocalization -->
  <testcase classname="tests.Localization" name="AddLocalization" time="0.938">
    <skipped/>
  </testcase> <!-- AddLocalization -->
  <testcase classname="tests.Localization" name="AddLocalization" time="0.001">
    <failure type="java.lang.IllegalArgumentException" message="wrong number of arguments">
      <![CDATA[java.lang.IllegalArgumentException: wrong number of arguments
... Removed 25 stack frames]]>
    </failure>
  </testcase> <!-- AddLocalization -->
</testsuite> <!-- LocalizationTest -->
