<?xml version="1.0" encoding="UTF-8"?>
<!-- Generated by org.testng.reporters.JUnitXMLReporter -->
<testsuite ignored="0" hostname="ISTN24220" failures="3" tests="6" name="ModulesTest" time="37.525" errors="0" timestamp="28 Nov 2019 10:07:00 GMT">
  <testcase classname="tests.Modules" name="EmptyAddModules" time="21.164">
    <skipped/>
  </testcase> <!-- EmptyAddModules -->
  <testcase classname="tests.Modules" name="EmptyAddModules" time="0.001">
    <failure type="java.lang.IllegalArgumentException" message="wrong number of arguments">
      <![CDATA[java.lang.IllegalArgumentException: wrong number of arguments
... Removed 25 stack frames]]>
    </failure>
  </testcase> <!-- EmptyAddModules -->
  <testcase classname="tests.Modules" name="InvalidAddModules" time="1.23">
    <skipped/>
  </testcase> <!-- InvalidAddModules -->
  <testcase classname="tests.Modules" name="InvalidAddModules" time="0.0">
    <failure type="java.lang.IllegalArgumentException" message="wrong number of arguments">
      <![CDATA[java.lang.IllegalArgumentException: wrong number of arguments
... Removed 25 stack frames]]>
    </failure>
  </testcase> <!-- InvalidAddModules -->
  <testcase classname="tests.Modules" name="AddModules" time="1.189">
    <skipped/>
  </testcase> <!-- AddModules -->
  <testcase classname="tests.Modules" name="AddModules" time="0.001">
    <failure type="java.lang.IllegalArgumentException" message="wrong number of arguments">
      <![CDATA[java.lang.IllegalArgumentException: wrong number of arguments
... Removed 25 stack frames]]>
    </failure>
  </testcase> <!-- AddModules -->
</testsuite> <!-- ModulesTest -->
