<?xml version="1.0" encoding="UTF-8"?>
<!-- Generated by org.testng.reporters.JUnitXMLReporter -->
<testsuite ignored="0" hostname="ISTN24220" failures="3" tests="6" name="UserTest" time="53.535" errors="0" timestamp="27 Nov 2019 12:09:48 GMT">
  <testcase classname="tests.Users" name="EmptyAddUser" time="1.635">
    <skipped/>
  </testcase> <!-- EmptyAddUser -->
  <testcase classname="tests.Users" name="EmptyAddUser" time="0.001">
    <failure type="java.lang.IllegalArgumentException" message="wrong number of arguments">
      <![CDATA[java.lang.IllegalArgumentException: wrong number of arguments
... Removed 25 stack frames]]>
    </failure>
  </testcase> <!-- EmptyAddUser -->
  <testcase classname="tests.Users" name="InvalidAddUser" time="1.752">
    <skipped/>
  </testcase> <!-- InvalidAddUser -->
  <testcase classname="tests.Users" name="InvalidAddUser" time="0.001">
    <failure type="java.lang.IllegalArgumentException" message="wrong number of arguments">
      <![CDATA[java.lang.IllegalArgumentException: wrong number of arguments
... Removed 25 stack frames]]>
    </failure>
  </testcase> <!-- InvalidAddUser -->
  <testcase classname="tests.Users" name="AddUser" time="2.36">
    <skipped/>
  </testcase> <!-- AddUser -->
  <testcase classname="tests.Users" name="AddUser" time="0.001">
    <failure type="java.lang.IllegalArgumentException" message="wrong number of arguments">
      <![CDATA[java.lang.IllegalArgumentException: wrong number of arguments
... Removed 25 stack frames]]>
    </failure>
  </testcase> <!-- AddUser -->
</testsuite> <!-- UserTest -->
