<?xml version="1.0" encoding="UTF-8"?>
<!-- Generated by org.testng.reporters.JUnitXMLReporter -->
<testsuite ignored="0" hostname="ISTN24220" failures="3" tests="6" name="UserTest" time="92.484" errors="0" timestamp="30 Nov 2019 19:29:18 GMT">
  <testcase classname="tests.Users" name="EmptyAddUser" time="29.008">
    <skipped/>
  </testcase> <!-- EmptyAddUser -->
  <testcase classname="tests.Users" name="EmptyAddUser" time="0.003">
    <failure type="java.lang.IllegalArgumentException" message="wrong number of arguments">
      <![CDATA[java.lang.IllegalArgumentException: wrong number of arguments
... Removed 25 stack frames]]>
    </failure>
  </testcase> <!-- EmptyAddUser -->
  <testcase classname="tests.Users" name="InvalidAddUser" time="21.521">
    <skipped/>
  </testcase> <!-- InvalidAddUser -->
  <testcase classname="tests.Users" name="InvalidAddUser" time="0.002">
    <failure type="java.lang.IllegalArgumentException" message="wrong number of arguments">
      <![CDATA[java.lang.IllegalArgumentException: wrong number of arguments
... Removed 25 stack frames]]>
    </failure>
  </testcase> <!-- InvalidAddUser -->
  <testcase classname="tests.Users" name="AddUser" time="21.216">
    <skipped/>
  </testcase> <!-- AddUser -->
  <testcase classname="tests.Users" name="AddUser" time="0.002">
    <failure type="java.lang.IllegalArgumentException" message="wrong number of arguments">
      <![CDATA[java.lang.IllegalArgumentException: wrong number of arguments
... Removed 25 stack frames]]>
    </failure>
  </testcase> <!-- AddUser -->
</testsuite> <!-- UserTest -->
